  [1m[35m (386.3ms)[0m  [1m[35mCREATE DATABASE "MusicApp_development" ENCODING = 'unicode'[0m
  ↳ bin/rails:9
  [1m[35m (294.1ms)[0m  [1m[35mCREATE DATABASE "MusicApp_test" ENCODING = 'unicode'[0m
  ↳ bin/rails:9
  [1m[35m (10.5ms)[0m  [1m[35mCREATE TABLE "schema_migrations" ("version" character varying NOT NULL PRIMARY KEY)[0m
  ↳ bin/rails:9
  [1m[35m (8.5ms)[0m  [1m[35mCREATE TABLE "ar_internal_metadata" ("key" character varying NOT NULL PRIMARY KEY, "value" character varying, "created_at" timestamp NOT NULL, "updated_at" timestamp NOT NULL)[0m
  ↳ bin/rails:9
  [1m[35m (0.3ms)[0m  [1m[34mSELECT pg_try_advisory_lock(1555902080779534005)[0m
  ↳ bin/rails:9
  [1m[35m (0.5ms)[0m  [1m[34mSELECT "schema_migrations"."version" FROM "schema_migrations" ORDER BY "schema_migrations"."version" ASC[0m
  ↳ bin/rails:9
Migrating to CreateUsers (20220118163706)
  [1m[35m (0.2ms)[0m  [1m[35mBEGIN[0m
  ↳ bin/rails:9
  [1m[35m (8.5ms)[0m  [1m[35mCREATE TABLE "users" ("id" bigserial primary key, "email" character varying NOT NULL, "password_digest" character varying NOT NULL, "session_token" character varying NOT NULL)[0m
  ↳ db/migrate/20220118163706_create_users.rb:3
  [1m[35m (3.7ms)[0m  [1m[35mCREATE UNIQUE INDEX  "index_users_on_email" ON "users"  ("email")[0m
  ↳ db/migrate/20220118163706_create_users.rb:9
  [1m[35m (2.8ms)[0m  [1m[35mCREATE UNIQUE INDEX  "index_users_on_session_token" ON "users"  ("session_token")[0m
  ↳ db/migrate/20220118163706_create_users.rb:10
  [1m[36mActiveRecord::SchemaMigration Create (0.6ms)[0m  [1m[32mINSERT INTO "schema_migrations" ("version") VALUES ($1) RETURNING "version"[0m  [["version", "20220118163706"]]
  ↳ bin/rails:9
  [1m[35m (1.9ms)[0m  [1m[35mCOMMIT[0m
  ↳ bin/rails:9
  [1m[36mActiveRecord::InternalMetadata Load (0.6ms)[0m  [1m[34mSELECT  "ar_internal_metadata".* FROM "ar_internal_metadata" WHERE "ar_internal_metadata"."key" = $1 LIMIT $2[0m  [["key", "environment"], ["LIMIT", 1]]
  ↳ bin/rails:9
  [1m[35m (0.4ms)[0m  [1m[35mBEGIN[0m
  ↳ bin/rails:9
  [1m[36mActiveRecord::InternalMetadata Create (0.8ms)[0m  [1m[32mINSERT INTO "ar_internal_metadata" ("key", "value", "created_at", "updated_at") VALUES ($1, $2, $3, $4) RETURNING "key"[0m  [["key", "environment"], ["value", "development"], ["created_at", "2022-01-18 16:39:06.467229"], ["updated_at", "2022-01-18 16:39:06.467229"]]
  ↳ bin/rails:9
  [1m[35m (1.5ms)[0m  [1m[35mCOMMIT[0m
  ↳ bin/rails:9
  [1m[35m (0.3ms)[0m  [1m[34mSELECT pg_advisory_unlock(1555902080779534005)[0m
  ↳ bin/rails:9
  [1m[35m (0.4ms)[0m  [1m[34mSELECT "schema_migrations"."version" FROM "schema_migrations" ORDER BY "schema_migrations"."version" ASC[0m
  ↳ bin/rails:9
  [1m[35m (0.4ms)[0m  [1m[34mSELECT "schema_migrations"."version" FROM "schema_migrations" ORDER BY "schema_migrations"."version" ASC[0m
  ↳ /home/avakil3/.rbenv/versions/2.5.1/bin/annotate:23
Started GET "/" for ::1 at 2022-01-18 14:46:48 -0500
  [1m[35m (1.2ms)[0m  [1m[34mSELECT "schema_migrations"."version" FROM "schema_migrations" ORDER BY "schema_migrations"."version" ASC[0m
  ↳ /home/avakil3/.rbenv/versions/2.5.1/lib/ruby/gems/2.5.0/gems/activerecord-5.2.6/lib/active_record/log_subscriber.rb:98
Processing by Rails::WelcomeController#index as HTML
  Rendering /home/avakil3/.rbenv/versions/2.5.1/lib/ruby/gems/2.5.0/gems/railties-5.2.6/lib/rails/templates/rails/welcome/index.html.erb
  Rendered /home/avakil3/.rbenv/versions/2.5.1/lib/ruby/gems/2.5.0/gems/railties-5.2.6/lib/rails/templates/rails/welcome/index.html.erb (2.3ms)
Completed 200 OK in 15ms (Views: 7.0ms | ActiveRecord: 0.0ms)


Started GET "/users" for ::1 at 2022-01-18 14:46:52 -0500
  
ActionController::RoutingError (No route matches [GET] "/users"):
  
actionpack (5.2.6) lib/action_dispatch/middleware/debug_exceptions.rb:65:in `call'
web-console (3.7.0) lib/web_console/middleware.rb:135:in `call_app'
web-console (3.7.0) lib/web_console/middleware.rb:30:in `block in call'
web-console (3.7.0) lib/web_console/middleware.rb:20:in `catch'
web-console (3.7.0) lib/web_console/middleware.rb:20:in `call'
actionpack (5.2.6) lib/action_dispatch/middleware/show_exceptions.rb:33:in `call'
railties (5.2.6) lib/rails/rack/logger.rb:38:in `call_app'
railties (5.2.6) lib/rails/rack/logger.rb:26:in `block in call'
activesupport (5.2.6) lib/active_support/tagged_logging.rb:71:in `block in tagged'
activesupport (5.2.6) lib/active_support/tagged_logging.rb:28:in `tagged'
activesupport (5.2.6) lib/active_support/tagged_logging.rb:71:in `tagged'
railties (5.2.6) lib/rails/rack/logger.rb:26:in `call'
sprockets-rails (3.4.2) lib/sprockets/rails/quiet_assets.rb:13:in `call'
actionpack (5.2.6) lib/action_dispatch/middleware/remote_ip.rb:81:in `call'
actionpack (5.2.6) lib/action_dispatch/middleware/request_id.rb:27:in `call'
rack (2.2.3) lib/rack/method_override.rb:24:in `call'
rack (2.2.3) lib/rack/runtime.rb:22:in `call'
activesupport (5.2.6) lib/active_support/cache/strategy/local_cache_middleware.rb:29:in `call'
actionpack (5.2.6) lib/action_dispatch/middleware/executor.rb:14:in `call'
actionpack (5.2.6) lib/action_dispatch/middleware/static.rb:127:in `call'
rack (2.2.3) lib/rack/sendfile.rb:110:in `call'
railties (5.2.6) lib/rails/engine.rb:524:in `call'
puma (3.12.6) lib/puma/configuration.rb:227:in `call'
puma (3.12.6) lib/puma/server.rb:706:in `handle_request'
puma (3.12.6) lib/puma/server.rb:476:in `process_client'
puma (3.12.6) lib/puma/server.rb:334:in `block in run'
puma (3.12.6) lib/puma/thread_pool.rb:135:in `block in spawn_thread'
Started GET "/users/new" for ::1 at 2022-01-18 14:47:40 -0500
Processing by UsersController#new as HTML
Completed 500 Internal Server Error in 21ms (ActiveRecord: 7.2ms)



NoMethodError - undefined method `validation' for #<Class:0x000055c2fd94e3f8>
Did you mean?  validators
               validate
               validates
               validates!:
  app/models/user.rb:11:in `<class:User>'
  app/models/user.rb:10:in `<top (required)>'
  app/controllers/users_controller.rb:8:in `new'

Started POST "/__better_errors/84602bbf357591e6/variables" for ::1 at 2022-01-18 14:47:40 -0500
Started GET "/users/new" for ::1 at 2022-01-18 14:48:41 -0500
Processing by UsersController#new as HTML
Completed 500 Internal Server Error in 21ms (ActiveRecord: 13.3ms)



ActionView::MissingTemplate - Missing template users/new, application/new with {:locale=>[:en], :formats=>[:html], :variants=>[], :handlers=>[:raw, :erb, :html, :builder, :ruby, :coffee, :jbuilder]}. Searched in:
  * "/home/avakil3/AA_classwork/W7D2/MusicApp/app/views":
  app/controllers/users_controller.rb:9:in `new'

Started POST "/__better_errors/e03621a9f7df42e2/variables" for ::1 at 2022-01-18 14:48:41 -0500
Started GET "/users/new" for ::1 at 2022-01-18 14:51:12 -0500
Processing by UsersController#new as HTML
  Rendering users/new.html.erb within layouts/application
  Rendered users/new.html.erb within layouts/application (1.3ms)
Completed 200 OK in 302ms (Views: 301.2ms | ActiveRecord: 0.0ms)


Started GET "/users/new" for ::1 at 2022-01-18 14:51:32 -0500
Processing by UsersController#new as HTML
  Rendering users/new.html.erb within layouts/application
  Rendered users/new.html.erb within layouts/application (0.8ms)
Completed 200 OK in 12ms (Views: 11.5ms | ActiveRecord: 0.0ms)


Started GET "/users/new" for ::1 at 2022-01-18 14:51:35 -0500
Processing by UsersController#new as HTML
  Rendering users/new.html.erb within layouts/application
  Rendered users/new.html.erb within layouts/application (0.6ms)
Completed 200 OK in 13ms (Views: 12.5ms | ActiveRecord: 0.0ms)


Started POST "/users" for ::1 at 2022-01-18 14:51:41 -0500
Processing by UsersController#create as HTML
  Parameters: {"authenticity_token"=>"VruthkT6FsTkacHhOXOeP93qE8zS0qVfgG0yNarTVqHG5NlaBU6nPhkWRIxWPau7bjJxAByWdgaeaF+aMRf/qg==", "user"=>{"email"=>"", "password"=>"[FILTERED]"}}
  [1m[35m (0.2ms)[0m  [1m[35mBEGIN[0m
  ↳ app/controllers/users_controller.rb:14
  [1m[36mUser Exists (6.5ms)[0m  [1m[34mSELECT  1 AS one FROM "users" WHERE "users"."email" = $1 LIMIT $2[0m  [["email", ""], ["LIMIT", 1]]
  ↳ app/controllers/users_controller.rb:14
  [1m[36mUser Exists (0.5ms)[0m  [1m[34mSELECT  1 AS one FROM "users" WHERE "users"."session_token" = $1 LIMIT $2[0m  [["session_token", "XJsIz2d8JA6QFI_Ed4--SQ"], ["LIMIT", 1]]
  ↳ app/controllers/users_controller.rb:14
  [1m[35m (1.7ms)[0m  [1m[31mROLLBACK[0m
  ↳ app/controllers/users_controller.rb:14
Completed 500 Internal Server Error in 318ms (ActiveRecord: 8.9ms)



NoMethodError - undefined method `error' for #<User:0x00007fd72437d310>
Did you mean?  errors:
  app/controllers/users_controller.rb:18:in `create'

Started POST "/__better_errors/22512a79ecce597b/variables" for ::1 at 2022-01-18 14:51:42 -0500
Started POST "/users" for ::1 at 2022-01-18 14:51:59 -0500
Processing by UsersController#create as HTML
  Parameters: {"authenticity_token"=>"VruthkT6FsTkacHhOXOeP93qE8zS0qVfgG0yNarTVqHG5NlaBU6nPhkWRIxWPau7bjJxAByWdgaeaF+aMRf/qg==", "user"=>{"email"=>"", "password"=>"[FILTERED]"}}
  [1m[35m (0.4ms)[0m  [1m[35mBEGIN[0m
  ↳ app/controllers/users_controller.rb:14
  [1m[36mUser Exists (0.5ms)[0m  [1m[34mSELECT  1 AS one FROM "users" WHERE "users"."email" = $1 LIMIT $2[0m  [["email", ""], ["LIMIT", 1]]
  ↳ app/controllers/users_controller.rb:14
  [1m[36mUser Exists (0.4ms)[0m  [1m[34mSELECT  1 AS one FROM "users" WHERE "users"."session_token" = $1 LIMIT $2[0m  [["session_token", "ILH9lrOHngOcRylibO6l5w"], ["LIMIT", 1]]
  ↳ app/controllers/users_controller.rb:14
  [1m[35m (0.4ms)[0m  [1m[31mROLLBACK[0m
  ↳ app/controllers/users_controller.rb:14
  Rendering users/new.html.erb within layouts/application
  Rendered users/new.html.erb within layouts/application (0.7ms)
Completed 200 OK in 316ms (Views: 11.9ms | ActiveRecord: 8.6ms)


Started POST "/users" for ::1 at 2022-01-18 14:52:00 -0500
Processing by UsersController#create as HTML
  Parameters: {"authenticity_token"=>"1KEPryRg/waW5r66fAv54LlGO4JfvhQsSEUKPiSVS8BE/ntzZdRO/GuZO9cTRcxkCp5ZTpH6x3VWQGeRv1Hiyw==", "user"=>{"email"=>"", "password"=>"[FILTERED]"}}
  [1m[35m (0.3ms)[0m  [1m[35mBEGIN[0m
  ↳ app/controllers/users_controller.rb:14
  [1m[36mUser Exists (0.4ms)[0m  [1m[34mSELECT  1 AS one FROM "users" WHERE "users"."email" = $1 LIMIT $2[0m  [["email", ""], ["LIMIT", 1]]
  ↳ app/controllers/users_controller.rb:14
  [1m[36mUser Exists (0.5ms)[0m  [1m[34mSELECT  1 AS one FROM "users" WHERE "users"."session_token" = $1 LIMIT $2[0m  [["session_token", "onZaCtshHQjWRcs1mb1a1Q"], ["LIMIT", 1]]
  ↳ app/controllers/users_controller.rb:14
  [1m[35m (0.3ms)[0m  [1m[31mROLLBACK[0m
  ↳ app/controllers/users_controller.rb:14
  Rendering users/new.html.erb within layouts/application
  Rendered users/new.html.erb within layouts/application (1.0ms)
Completed 200 OK in 302ms (Views: 11.5ms | ActiveRecord: 1.5ms)


Started POST "/users" for ::1 at 2022-01-18 14:52:02 -0500
Processing by UsersController#create as HTML
  Parameters: {"authenticity_token"=>"h0dSfb3swjMhDXWxOEp8uVqwTbVZq6UCff1SiI63goAXGCah/Fhzydxy8NxXBEk96WgveZfvdltj+D8nFXMriw==", "user"=>{"email"=>"", "password"=>"[FILTERED]"}}
  [1m[35m (0.3ms)[0m  [1m[35mBEGIN[0m
  ↳ app/controllers/users_controller.rb:14
  [1m[36mUser Exists (0.4ms)[0m  [1m[34mSELECT  1 AS one FROM "users" WHERE "users"."email" = $1 LIMIT $2[0m  [["email", ""], ["LIMIT", 1]]
  ↳ app/controllers/users_controller.rb:14
  [1m[36mUser Exists (0.7ms)[0m  [1m[34mSELECT  1 AS one FROM "users" WHERE "users"."session_token" = $1 LIMIT $2[0m  [["session_token", "-PO4qUazLLKp613A_yghTw"], ["LIMIT", 1]]
  ↳ app/controllers/users_controller.rb:14
  [1m[35m (0.4ms)[0m  [1m[31mROLLBACK[0m
  ↳ app/controllers/users_controller.rb:14
  Rendering users/new.html.erb within layouts/application
  Rendered users/new.html.erb within layouts/application (0.6ms)
Completed 200 OK in 301ms (Views: 11.4ms | ActiveRecord: 1.7ms)


Started POST "/users" for ::1 at 2022-01-18 14:55:17 -0500
Processing by UsersController#create as HTML
  Parameters: {"authenticity_token"=>"9AYHD6x4k8ySSQkI7reOTarfjrIqtHRoGpLfLWSLB0FkWXPT7cwiNm82jGWB+bvJGQfsfuTwpzEEl7KC/0+uSg==", "user"=>{"email"=>"aaaa", "password"=>"[FILTERED]"}}
  [1m[35m (0.4ms)[0m  [1m[35mBEGIN[0m
  ↳ app/controllers/users_controller.rb:14
  [1m[36mUser Exists (0.6ms)[0m  [1m[34mSELECT  1 AS one FROM "users" WHERE "users"."email" = $1 LIMIT $2[0m  [["email", "aaaa"], ["LIMIT", 1]]
  ↳ app/controllers/users_controller.rb:14
  [1m[36mUser Exists (0.5ms)[0m  [1m[34mSELECT  1 AS one FROM "users" WHERE "users"."session_token" = $1 LIMIT $2[0m  [["session_token", "MEfym9fD5j5ySYPXTl50_A"], ["LIMIT", 1]]
  ↳ app/controllers/users_controller.rb:14
  [1m[35m (0.3ms)[0m  [1m[31mROLLBACK[0m
  ↳ app/controllers/users_controller.rb:14
  Rendering users/new.html.erb within layouts/application
  Rendered users/new.html.erb within layouts/application (0.8ms)
Completed 200 OK in 305ms (Views: 14.5ms | ActiveRecord: 1.9ms)


Started POST "/users" for ::1 at 2022-01-18 14:55:23 -0500
Processing by UsersController#create as HTML
  Parameters: {"authenticity_token"=>"nzT+x1i1h2nHOSXYfeMBjwAKv+ZSXLCmAq8VKjimfGwPa4obGQE2kzpGoLUSrTQLs9LdKpwYY/8cqniFo2LVZw==", "user"=>{"email"=>"aagamvakil@hotmail.com", "password"=>"[FILTERED]"}}
  [1m[35m (0.3ms)[0m  [1m[35mBEGIN[0m
  ↳ app/controllers/users_controller.rb:14
  [1m[36mUser Exists (0.5ms)[0m  [1m[34mSELECT  1 AS one FROM "users" WHERE "users"."email" = $1 LIMIT $2[0m  [["email", "aagamvakil@hotmail.com"], ["LIMIT", 1]]
  ↳ app/controllers/users_controller.rb:14
  [1m[36mUser Exists (0.4ms)[0m  [1m[34mSELECT  1 AS one FROM "users" WHERE "users"."session_token" = $1 LIMIT $2[0m  [["session_token", "EesHwO61rtzVoOoDM1yKkg"], ["LIMIT", 1]]
  ↳ app/controllers/users_controller.rb:14
  [1m[36mUser Create (7.4ms)[0m  [1m[32mINSERT INTO "users" ("email", "password_digest", "session_token") VALUES ($1, $2, $3) RETURNING "id"[0m  [["email", "aagamvakil@hotmail.com"], ["password_digest", "$2a$12$94ZTnM31Tt99ifZSnPOqOObVUnoKjlOBX0rwTNLNz0BhS/6T8lPJO"], ["session_token", "EesHwO61rtzVoOoDM1yKkg"]]
  ↳ app/controllers/users_controller.rb:14
  [1m[35m (2.6ms)[0m  [1m[35mCOMMIT[0m
  ↳ app/controllers/users_controller.rb:14
  [1m[35m (0.2ms)[0m  [1m[35mBEGIN[0m
  ↳ app/models/user.rb:32
  [1m[36mUser Exists (2.8ms)[0m  [1m[34mSELECT  1 AS one FROM "users" WHERE "users"."email" = $1 AND "users"."id" != $2 LIMIT $3[0m  [["email", "aagamvakil@hotmail.com"], ["id", 1], ["LIMIT", 1]]
  ↳ app/models/user.rb:32
  [1m[36mUser Exists (0.5ms)[0m  [1m[34mSELECT  1 AS one FROM "users" WHERE "users"."session_token" = $1 AND "users"."id" != $2 LIMIT $3[0m  [["session_token", "TIaPzqEtH2C_bN2J-ITJ1Q"], ["id", 1], ["LIMIT", 1]]
  ↳ app/models/user.rb:32
  [1m[36mUser Update (1.5ms)[0m  [1m[33mUPDATE "users" SET "session_token" = $1 WHERE "users"."id" = $2[0m  [["session_token", "TIaPzqEtH2C_bN2J-ITJ1Q"], ["id", 1]]
  ↳ app/models/user.rb:32
  [1m[35m (1.4ms)[0m  [1m[35mCOMMIT[0m
  ↳ app/models/user.rb:32
Redirected to http://localhost:3000/users/1
Completed 302 Found in 312ms (ActiveRecord: 17.5ms)


Started GET "/users/1" for ::1 at 2022-01-18 14:55:23 -0500
Processing by UsersController#show as HTML
  Parameters: {"id"=>"1"}
  Rendering users/show.html.erb within layouts/application
  [1m[36mUser Load (0.5ms)[0m  [1m[34mSELECT  "users".* FROM "users" WHERE "users"."session_token" = $1 LIMIT $2[0m  [["session_token", "TIaPzqEtH2C_bN2J-ITJ1Q"], ["LIMIT", 1]]
  ↳ app/controllers/application_controller.rb:8
  Rendered users/show.html.erb within layouts/application (11.0ms)
Completed 200 OK in 26ms (Views: 24.1ms | ActiveRecord: 0.9ms)


Started GET "/users/1" for ::1 at 2022-01-18 15:07:50 -0500
Processing by UsersController#show as HTML
  Parameters: {"id"=>"1"}
  Rendering users/show.html.erb within layouts/application
  [1m[36mUser Load (1.1ms)[0m  [1m[34mSELECT  "users".* FROM "users" WHERE "users"."session_token" = $1 LIMIT $2[0m  [["session_token", "TIaPzqEtH2C_bN2J-ITJ1Q"], ["LIMIT", 1]]
  ↳ app/controllers/application_controller.rb:8
  Rendered users/show.html.erb within layouts/application (4.6ms)
Completed 500 Internal Server Error in 170ms (ActiveRecord: 1.4ms)



NoMethodError - undefined method `logged_in?' for #<#<Class:0x00007fd72a324188>:0x00007fd7299e9488>
Did you mean?  logger?:
  app/views/layouts/application.html.erb:14:in `_app_views_layouts_application_html_erb__4111268183329443209_70281046453920'
  app/controllers/users_controller.rb:4:in `show'

Started POST "/__better_errors/02a400051707dd4d/variables" for ::1 at 2022-01-18 15:07:51 -0500
Started GET "/users" for ::1 at 2022-01-18 15:07:56 -0500
  
ActionController::RoutingError (No route matches [GET] "/users"):
  
actionpack (5.2.6) lib/action_dispatch/middleware/debug_exceptions.rb:65:in `call'
web-console (3.7.0) lib/web_console/middleware.rb:135:in `call_app'
web-console (3.7.0) lib/web_console/middleware.rb:30:in `block in call'
web-console (3.7.0) lib/web_console/middleware.rb:20:in `catch'
web-console (3.7.0) lib/web_console/middleware.rb:20:in `call'
actionpack (5.2.6) lib/action_dispatch/middleware/show_exceptions.rb:33:in `call'
railties (5.2.6) lib/rails/rack/logger.rb:38:in `call_app'
railties (5.2.6) lib/rails/rack/logger.rb:26:in `block in call'
activesupport (5.2.6) lib/active_support/tagged_logging.rb:71:in `block in tagged'
activesupport (5.2.6) lib/active_support/tagged_logging.rb:28:in `tagged'
activesupport (5.2.6) lib/active_support/tagged_logging.rb:71:in `tagged'
railties (5.2.6) lib/rails/rack/logger.rb:26:in `call'
sprockets-rails (3.4.2) lib/sprockets/rails/quiet_assets.rb:13:in `call'
actionpack (5.2.6) lib/action_dispatch/middleware/remote_ip.rb:81:in `call'
actionpack (5.2.6) lib/action_dispatch/middleware/request_id.rb:27:in `call'
rack (2.2.3) lib/rack/method_override.rb:24:in `call'
rack (2.2.3) lib/rack/runtime.rb:22:in `call'
activesupport (5.2.6) lib/active_support/cache/strategy/local_cache_middleware.rb:29:in `call'
actionpack (5.2.6) lib/action_dispatch/middleware/executor.rb:14:in `call'
actionpack (5.2.6) lib/action_dispatch/middleware/static.rb:127:in `call'
rack (2.2.3) lib/rack/sendfile.rb:110:in `call'
railties (5.2.6) lib/rails/engine.rb:524:in `call'
puma (3.12.6) lib/puma/configuration.rb:227:in `call'
puma (3.12.6) lib/puma/server.rb:706:in `handle_request'
puma (3.12.6) lib/puma/server.rb:476:in `process_client'
puma (3.12.6) lib/puma/server.rb:334:in `block in run'
puma (3.12.6) lib/puma/thread_pool.rb:135:in `block in spawn_thread'
Started GET "/users/new" for ::1 at 2022-01-18 15:08:00 -0500
Processing by UsersController#new as HTML
  Rendering users/new.html.erb within layouts/application
  Rendered users/new.html.erb within layouts/application (0.7ms)
Completed 500 Internal Server Error in 241ms (ActiveRecord: 0.0ms)



NoMethodError - undefined method `logged_in?' for #<#<Class:0x00007fd72a324188>:0x00007fd7295d8308>
Did you mean?  logger?:
  app/views/layouts/application.html.erb:14:in `_app_views_layouts_application_html_erb__4111268183329443209_70281044220100'
  app/controllers/users_controller.rb:9:in `new'

Started POST "/__better_errors/f28edb0ed978c301/variables" for ::1 at 2022-01-18 15:08:01 -0500
Started GET "/users/new" for ::1 at 2022-01-18 15:08:46 -0500
Processing by UsersController#new as HTML
  Rendering users/new.html.erb within layouts/application
  Rendered users/new.html.erb within layouts/application (0.7ms)
  [1m[36mUser Load (0.5ms)[0m  [1m[34mSELECT  "users".* FROM "users" WHERE "users"."session_token" = $1 LIMIT $2[0m  [["session_token", "TIaPzqEtH2C_bN2J-ITJ1Q"], ["LIMIT", 1]]
  ↳ app/controllers/application_controller.rb:8
Completed 200 OK in 33ms (Views: 22.2ms | ActiveRecord: 5.7ms)


Started POST "/users" for ::1 at 2022-01-18 15:09:22 -0500
Processing by UsersController#create as HTML
  Parameters: {"authenticity_token"=>"VNYhBv+WkvhHE1OH2EjquUhslAxs5iWL57RNLncU+MvEiVXaviIjArps1uq3Bt89+7T2wKKi9tL5sSCB7NBRwA==", "user"=>{"email"=>"", "password"=>"[FILTERED]"}}
  [1m[35m (0.3ms)[0m  [1m[35mBEGIN[0m
  ↳ app/controllers/users_controller.rb:14
  [1m[36mUser Exists (0.5ms)[0m  [1m[34mSELECT  1 AS one FROM "users" WHERE "users"."email" = $1 LIMIT $2[0m  [["email", ""], ["LIMIT", 1]]
  ↳ app/controllers/users_controller.rb:14
  [1m[36mUser Exists (0.4ms)[0m  [1m[34mSELECT  1 AS one FROM "users" WHERE "users"."session_token" = $1 LIMIT $2[0m  [["session_token", "8PDi7hw6FtRQ1Peyarx3xQ"], ["LIMIT", 1]]
  ↳ app/controllers/users_controller.rb:14
  [1m[35m (0.2ms)[0m  [1m[31mROLLBACK[0m
  ↳ app/controllers/users_controller.rb:14
  Rendering users/new.html.erb within layouts/application
  Rendered users/new.html.erb within layouts/application (0.6ms)
  [1m[36mUser Load (0.4ms)[0m  [1m[34mSELECT  "users".* FROM "users" WHERE "users"."session_token" = $1 LIMIT $2[0m  [["session_token", "TIaPzqEtH2C_bN2J-ITJ1Q"], ["LIMIT", 1]]
  ↳ app/controllers/application_controller.rb:8
Completed 200 OK in 308ms (Views: 16.3ms | ActiveRecord: 1.8ms)


Started POST "/users" for ::1 at 2022-01-18 15:09:39 -0500
Processing by UsersController#create as HTML
  Parameters: {"authenticity_token"=>"+K0JrwdQDInRuM3tITuVkbcXHTJLyFti22GG+9OxEBVo8n1zRuS9cyzHSIBOdaAVBM9//oWMiDvFZOtUSHW5Hg==", "user"=>{"email"=>"", "password"=>"[FILTERED]"}}
  [1m[35m (0.4ms)[0m  [1m[35mBEGIN[0m
  ↳ app/controllers/users_controller.rb:14
  [1m[36mUser Exists (0.4ms)[0m  [1m[34mSELECT  1 AS one FROM "users" WHERE "users"."email" = $1 LIMIT $2[0m  [["email", ""], ["LIMIT", 1]]
  ↳ app/controllers/users_controller.rb:14
  [1m[36mUser Exists (0.4ms)[0m  [1m[34mSELECT  1 AS one FROM "users" WHERE "users"."session_token" = $1 LIMIT $2[0m  [["session_token", "3Qlw99u1kd9uIxi1SW75IQ"], ["LIMIT", 1]]
  ↳ app/controllers/users_controller.rb:14
  [1m[35m (0.4ms)[0m  [1m[31mROLLBACK[0m
  ↳ app/controllers/users_controller.rb:14
  Rendering users/new.html.erb within layouts/application
  Rendered users/new.html.erb within layouts/application (0.6ms)
  [1m[36mUser Load (0.4ms)[0m  [1m[34mSELECT  "users".* FROM "users" WHERE "users"."session_token" = $1 LIMIT $2[0m  [["session_token", "TIaPzqEtH2C_bN2J-ITJ1Q"], ["LIMIT", 1]]
  ↳ app/controllers/application_controller.rb:8
Completed 200 OK in 314ms (Views: 23.0ms | ActiveRecord: 2.0ms)


Started POST "/users" for ::1 at 2022-01-18 15:09:42 -0500
Processing by UsersController#create as HTML
  Parameters: {"authenticity_token"=>"JHnF8DTbd2o8zNwKgEVl0GwevsNjqPjh5H1d4UmLQaq0JrEsdW/GkMGzWWfvC1BU38bcD63sK7j6eDBO0k/ooQ==", "user"=>{"email"=>"a", "password"=>"[FILTERED]"}}
  [1m[35m (0.3ms)[0m  [1m[35mBEGIN[0m
  ↳ app/controllers/users_controller.rb:14
  [1m[36mUser Exists (0.7ms)[0m  [1m[34mSELECT  1 AS one FROM "users" WHERE "users"."email" = $1 LIMIT $2[0m  [["email", "a"], ["LIMIT", 1]]
  ↳ app/controllers/users_controller.rb:14
  [1m[36mUser Exists (0.5ms)[0m  [1m[34mSELECT  1 AS one FROM "users" WHERE "users"."session_token" = $1 LIMIT $2[0m  [["session_token", "GkRb-bF2Wj9PWSWTJY2SNQ"], ["LIMIT", 1]]
  ↳ app/controllers/users_controller.rb:14
  [1m[35m (0.4ms)[0m  [1m[31mROLLBACK[0m
  ↳ app/controllers/users_controller.rb:14
  Rendering users/new.html.erb within layouts/application
  Rendered users/new.html.erb within layouts/application (0.6ms)
  [1m[36mUser Load (0.5ms)[0m  [1m[34mSELECT  "users".* FROM "users" WHERE "users"."session_token" = $1 LIMIT $2[0m  [["session_token", "TIaPzqEtH2C_bN2J-ITJ1Q"], ["LIMIT", 1]]
  ↳ app/controllers/application_controller.rb:8
Completed 200 OK in 304ms (Views: 12.3ms | ActiveRecord: 2.4ms)


Started GET "/users" for ::1 at 2022-01-18 15:10:01 -0500
  
ActionController::RoutingError (No route matches [GET] "/users"):
  
actionpack (5.2.6) lib/action_dispatch/middleware/debug_exceptions.rb:65:in `call'
web-console (3.7.0) lib/web_console/middleware.rb:135:in `call_app'
web-console (3.7.0) lib/web_console/middleware.rb:30:in `block in call'
web-console (3.7.0) lib/web_console/middleware.rb:20:in `catch'
web-console (3.7.0) lib/web_console/middleware.rb:20:in `call'
actionpack (5.2.6) lib/action_dispatch/middleware/show_exceptions.rb:33:in `call'
railties (5.2.6) lib/rails/rack/logger.rb:38:in `call_app'
railties (5.2.6) lib/rails/rack/logger.rb:26:in `block in call'
activesupport (5.2.6) lib/active_support/tagged_logging.rb:71:in `block in tagged'
activesupport (5.2.6) lib/active_support/tagged_logging.rb:28:in `tagged'
activesupport (5.2.6) lib/active_support/tagged_logging.rb:71:in `tagged'
railties (5.2.6) lib/rails/rack/logger.rb:26:in `call'
sprockets-rails (3.4.2) lib/sprockets/rails/quiet_assets.rb:13:in `call'
actionpack (5.2.6) lib/action_dispatch/middleware/remote_ip.rb:81:in `call'
actionpack (5.2.6) lib/action_dispatch/middleware/request_id.rb:27:in `call'
rack (2.2.3) lib/rack/method_override.rb:24:in `call'
rack (2.2.3) lib/rack/runtime.rb:22:in `call'
activesupport (5.2.6) lib/active_support/cache/strategy/local_cache_middleware.rb:29:in `call'
actionpack (5.2.6) lib/action_dispatch/middleware/executor.rb:14:in `call'
actionpack (5.2.6) lib/action_dispatch/middleware/static.rb:127:in `call'
rack (2.2.3) lib/rack/sendfile.rb:110:in `call'
railties (5.2.6) lib/rails/engine.rb:524:in `call'
puma (3.12.6) lib/puma/configuration.rb:227:in `call'
puma (3.12.6) lib/puma/server.rb:706:in `handle_request'
puma (3.12.6) lib/puma/server.rb:476:in `process_client'
puma (3.12.6) lib/puma/server.rb:334:in `block in run'
puma (3.12.6) lib/puma/thread_pool.rb:135:in `block in spawn_thread'
Started GET "/users/new" for ::1 at 2022-01-18 15:10:05 -0500
Processing by UsersController#new as HTML
  Rendering users/new.html.erb within layouts/application
  Rendered users/new.html.erb within layouts/application (1.2ms)
  [1m[36mUser Load (0.5ms)[0m  [1m[34mSELECT  "users".* FROM "users" WHERE "users"."session_token" = $1 LIMIT $2[0m  [["session_token", "TIaPzqEtH2C_bN2J-ITJ1Q"], ["LIMIT", 1]]
  ↳ app/controllers/application_controller.rb:8
Completed 200 OK in 21ms (Views: 19.3ms | ActiveRecord: 0.5ms)


Started GET "/session/new" for ::1 at 2022-01-18 15:10:13 -0500
Processing by SessionsController#new as HTML
Completed 500 Internal Server Error in 2ms (ActiveRecord: 0.0ms)



ActionView::MissingTemplate - Missing template sessions/new, application/new with {:locale=>[:en], :formats=>[:html], :variants=>[], :handlers=>[:raw, :erb, :html, :builder, :ruby, :coffee, :jbuilder]}. Searched in:
  * "/home/avakil3/AA_classwork/W7D2/MusicApp/app/views":
  app/controllers/sessions_controller.rb:4:in `new'

Started POST "/__better_errors/f40f53bc651d6892/variables" for ::1 at 2022-01-18 15:10:13 -0500
Started GET "/session/new" for ::1 at 2022-01-18 15:16:32 -0500
Processing by SessionsController#new as HTML
  Rendering sessions/new.html.erb within layouts/application
  Rendered sessions/new.html.erb within layouts/application (2.0ms)
  [1m[36mUser Load (0.5ms)[0m  [1m[34mSELECT  "users".* FROM "users" WHERE "users"."session_token" = $1 LIMIT $2[0m  [["session_token", "TIaPzqEtH2C_bN2J-ITJ1Q"], ["LIMIT", 1]]
  ↳ app/controllers/application_controller.rb:8
Completed 200 OK in 23ms (Views: 21.3ms | ActiveRecord: 0.9ms)


Started GET "/users/new" for ::1 at 2022-01-18 15:16:39 -0500
Processing by UsersController#new as HTML
  Rendering users/new.html.erb within layouts/application
  Rendered users/new.html.erb within layouts/application (1.9ms)
  [1m[36mUser Load (0.5ms)[0m  [1m[34mSELECT  "users".* FROM "users" WHERE "users"."session_token" = $1 LIMIT $2[0m  [["session_token", "TIaPzqEtH2C_bN2J-ITJ1Q"], ["LIMIT", 1]]
  ↳ app/controllers/application_controller.rb:8
Completed 200 OK in 21ms (Views: 20.0ms | ActiveRecord: 0.5ms)


Started DELETE "/session" for ::1 at 2022-01-18 15:16:50 -0500
Processing by SessionsController#destroy as HTML
  Parameters: {"authenticity_token"=>"He442aOCQlsQl36v/GgceB8kMuJezwvhDAvoNMtb6M6NsUwF4jbzoe3o+8KTJin8rPxQLpCL2LgSDoWbUJ9BxQ=="}
  [1m[36mUser Load (0.5ms)[0m  [1m[34mSELECT  "users".* FROM "users" WHERE "users"."session_token" = $1 LIMIT $2[0m  [["session_token", "TIaPzqEtH2C_bN2J-ITJ1Q"], ["LIMIT", 1]]
  ↳ app/controllers/application_controller.rb:8
  [1m[35m (0.2ms)[0m  [1m[35mBEGIN[0m
  ↳ app/models/user.rb:32
  [1m[36mUser Exists (0.6ms)[0m  [1m[34mSELECT  1 AS one FROM "users" WHERE "users"."email" = $1 AND "users"."id" != $2 LIMIT $3[0m  [["email", "aagamvakil@hotmail.com"], ["id", 1], ["LIMIT", 1]]
  ↳ app/models/user.rb:32
  [1m[36mUser Exists (0.6ms)[0m  [1m[34mSELECT  1 AS one FROM "users" WHERE "users"."session_token" = $1 AND "users"."id" != $2 LIMIT $3[0m  [["session_token", "MhRVQi_uAE1bBOkSK9XXWw"], ["id", 1], ["LIMIT", 1]]
  ↳ app/models/user.rb:32
  [1m[36mUser Update (0.8ms)[0m  [1m[33mUPDATE "users" SET "session_token" = $1 WHERE "users"."id" = $2[0m  [["session_token", "MhRVQi_uAE1bBOkSK9XXWw"], ["id", 1]]
  ↳ app/models/user.rb:32
  [1m[35m (1.9ms)[0m  [1m[35mCOMMIT[0m
  ↳ app/models/user.rb:32
Redirected to http://localhost:3000/session/new
Completed 302 Found in 14ms (ActiveRecord: 4.5ms)


Started GET "/session/new" for ::1 at 2022-01-18 15:16:50 -0500
Processing by SessionsController#new as HTML
  Rendering sessions/new.html.erb within layouts/application
  Rendered sessions/new.html.erb within layouts/application (0.5ms)
Completed 200 OK in 15ms (Views: 14.2ms | ActiveRecord: 0.0ms)


Started POST "/session" for ::1 at 2022-01-18 15:17:02 -0500
Processing by SessionsController#create as HTML
  Parameters: {"authenticity_token"=>"OD5x+/zmGqiYea+1fYzmsTrlRuaLdORbRDfKmO6/e7OoYQUnvVKrUmUGKtgSwtM1iT0kKkUwNwJaMqc3dXvSuA==", "user"=>{"email"=>"a", "password"=>"[FILTERED]"}}
  [1m[36mUser Load (0.5ms)[0m  [1m[34mSELECT  "users".* FROM "users" WHERE "users"."email" = $1 LIMIT $2[0m  [["email", "a"], ["LIMIT", 1]]
  ↳ app/models/user.rb:18
  Rendering sessions/new.html.erb within layouts/application
  Rendered sessions/new.html.erb within layouts/application (0.6ms)
Completed 200 OK in 20ms (Views: 17.0ms | ActiveRecord: 0.5ms)


Started GET "/users/new" for ::1 at 2022-01-18 15:17:18 -0500
Processing by UsersController#new as HTML
  Rendering users/new.html.erb within layouts/application
  Rendered users/new.html.erb within layouts/application (1.3ms)
Completed 200 OK in 33ms (Views: 31.8ms | ActiveRecord: 0.0ms)


Started POST "/users" for ::1 at 2022-01-18 15:17:24 -0500
Processing by UsersController#create as HTML
  Parameters: {"authenticity_token"=>"ZudaDR53yCe0rElqp0MKzGS4G5S+swnrft2gYw+3yjX2uC7RX8N53UnTzAfIDT9I12B5WHD32rJg2M3MlHNjPg==", "user"=>{"email"=>"a", "password"=>"[FILTERED]"}}
  [1m[35m (0.3ms)[0m  [1m[35mBEGIN[0m
  ↳ app/controllers/users_controller.rb:14
  [1m[36mUser Exists (0.6ms)[0m  [1m[34mSELECT  1 AS one FROM "users" WHERE "users"."email" = $1 LIMIT $2[0m  [["email", "a"], ["LIMIT", 1]]
  ↳ app/controllers/users_controller.rb:14
  [1m[36mUser Exists (0.6ms)[0m  [1m[34mSELECT  1 AS one FROM "users" WHERE "users"."session_token" = $1 LIMIT $2[0m  [["session_token", "KSUYLyMU4--SDVbG6di52A"], ["LIMIT", 1]]
  ↳ app/controllers/users_controller.rb:14
  [1m[36mUser Create (0.9ms)[0m  [1m[32mINSERT INTO "users" ("email", "password_digest", "session_token") VALUES ($1, $2, $3) RETURNING "id"[0m  [["email", "a"], ["password_digest", "$2a$12$tj/CV4ICAtGautNvlGXPtO65QHB5nX60exImXbXB33rQyNCEIslQy"], ["session_token", "KSUYLyMU4--SDVbG6di52A"]]
  ↳ app/controllers/users_controller.rb:14
  [1m[35m (1.8ms)[0m  [1m[35mCOMMIT[0m
  ↳ app/controllers/users_controller.rb:14
  [1m[35m (0.4ms)[0m  [1m[35mBEGIN[0m
  ↳ app/models/user.rb:32
  [1m[36mUser Exists (0.6ms)[0m  [1m[34mSELECT  1 AS one FROM "users" WHERE "users"."email" = $1 AND "users"."id" != $2 LIMIT $3[0m  [["email", "a"], ["id", 2], ["LIMIT", 1]]
  ↳ app/models/user.rb:32
  [1m[36mUser Exists (0.4ms)[0m  [1m[34mSELECT  1 AS one FROM "users" WHERE "users"."session_token" = $1 AND "users"."id" != $2 LIMIT $3[0m  [["session_token", "MscuUQRXfF1gnq0qz-_TOQ"], ["id", 2], ["LIMIT", 1]]
  ↳ app/models/user.rb:32
  [1m[36mUser Update (0.5ms)[0m  [1m[33mUPDATE "users" SET "session_token" = $1 WHERE "users"."id" = $2[0m  [["session_token", "MscuUQRXfF1gnq0qz-_TOQ"], ["id", 2]]
  ↳ app/models/user.rb:32
  [1m[35m (1.6ms)[0m  [1m[35mCOMMIT[0m
  ↳ app/models/user.rb:32
Redirected to http://localhost:3000/users/2
Completed 302 Found in 298ms (ActiveRecord: 7.9ms)


Started GET "/users/2" for ::1 at 2022-01-18 15:17:24 -0500
Processing by UsersController#show as HTML
  Parameters: {"id"=>"2"}
  Rendering users/show.html.erb within layouts/application
  [1m[36mUser Load (0.5ms)[0m  [1m[34mSELECT  "users".* FROM "users" WHERE "users"."session_token" = $1 LIMIT $2[0m  [["session_token", "MscuUQRXfF1gnq0qz-_TOQ"], ["LIMIT", 1]]
  ↳ app/controllers/application_controller.rb:8
  Rendered users/show.html.erb within layouts/application (2.1ms)
Completed 200 OK in 14ms (Views: 13.3ms | ActiveRecord: 0.5ms)


Started GET "/users" for ::1 at 2022-01-18 15:17:39 -0500
  
ActionController::RoutingError (No route matches [GET] "/users"):
  
actionpack (5.2.6) lib/action_dispatch/middleware/debug_exceptions.rb:65:in `call'
web-console (3.7.0) lib/web_console/middleware.rb:135:in `call_app'
web-console (3.7.0) lib/web_console/middleware.rb:30:in `block in call'
web-console (3.7.0) lib/web_console/middleware.rb:20:in `catch'
web-console (3.7.0) lib/web_console/middleware.rb:20:in `call'
actionpack (5.2.6) lib/action_dispatch/middleware/show_exceptions.rb:33:in `call'
railties (5.2.6) lib/rails/rack/logger.rb:38:in `call_app'
railties (5.2.6) lib/rails/rack/logger.rb:26:in `block in call'
activesupport (5.2.6) lib/active_support/tagged_logging.rb:71:in `block in tagged'
activesupport (5.2.6) lib/active_support/tagged_logging.rb:28:in `tagged'
activesupport (5.2.6) lib/active_support/tagged_logging.rb:71:in `tagged'
railties (5.2.6) lib/rails/rack/logger.rb:26:in `call'
sprockets-rails (3.4.2) lib/sprockets/rails/quiet_assets.rb:13:in `call'
actionpack (5.2.6) lib/action_dispatch/middleware/remote_ip.rb:81:in `call'
actionpack (5.2.6) lib/action_dispatch/middleware/request_id.rb:27:in `call'
rack (2.2.3) lib/rack/method_override.rb:24:in `call'
rack (2.2.3) lib/rack/runtime.rb:22:in `call'
activesupport (5.2.6) lib/active_support/cache/strategy/local_cache_middleware.rb:29:in `call'
actionpack (5.2.6) lib/action_dispatch/middleware/executor.rb:14:in `call'
actionpack (5.2.6) lib/action_dispatch/middleware/static.rb:127:in `call'
rack (2.2.3) lib/rack/sendfile.rb:110:in `call'
railties (5.2.6) lib/rails/engine.rb:524:in `call'
puma (3.12.6) lib/puma/configuration.rb:227:in `call'
puma (3.12.6) lib/puma/server.rb:706:in `handle_request'
puma (3.12.6) lib/puma/server.rb:476:in `process_client'
puma (3.12.6) lib/puma/server.rb:334:in `block in run'
puma (3.12.6) lib/puma/thread_pool.rb:135:in `block in spawn_thread'
Started GET "/session/new" for ::1 at 2022-01-18 15:17:42 -0500
Processing by SessionsController#new as HTML
  Rendering sessions/new.html.erb within layouts/application
  Rendered sessions/new.html.erb within layouts/application (0.8ms)
  [1m[36mUser Load (0.7ms)[0m  [1m[34mSELECT  "users".* FROM "users" WHERE "users"."session_token" = $1 LIMIT $2[0m  [["session_token", "MscuUQRXfF1gnq0qz-_TOQ"], ["LIMIT", 1]]
  ↳ app/controllers/application_controller.rb:8
Completed 200 OK in 18ms (Views: 16.4ms | ActiveRecord: 0.7ms)


Started POST "/session" for ::1 at 2022-01-18 15:17:48 -0500
Processing by SessionsController#create as HTML
  Parameters: {"authenticity_token"=>"03HhepxYEAreDEzQnDiP1evFqKpHbgXBUY0DMuCVU7FDLpWm3eyh8CNzyb3zdrpRWB3KZokq1phPiG6de1H6ug==", "user"=>{"email"=>"", "password"=>"[FILTERED]"}}
  [1m[36mUser Load (0.5ms)[0m  [1m[34mSELECT  "users".* FROM "users" WHERE "users"."email" = $1 LIMIT $2[0m  [["email", ""], ["LIMIT", 1]]
  ↳ app/models/user.rb:18
  Rendering sessions/new.html.erb within layouts/application
  Rendered sessions/new.html.erb within layouts/application (0.8ms)
  [1m[36mUser Load (0.6ms)[0m  [1m[34mSELECT  "users".* FROM "users" WHERE "users"."session_token" = $1 LIMIT $2[0m  [["session_token", "MscuUQRXfF1gnq0qz-_TOQ"], ["LIMIT", 1]]
  ↳ app/controllers/application_controller.rb:8
Completed 200 OK in 17ms (Views: 14.6ms | ActiveRecord: 1.1ms)


Started POST "/session" for ::1 at 2022-01-18 15:17:50 -0500
Processing by SessionsController#create as HTML
  Parameters: {"authenticity_token"=>"NR0bng1uQ7sYLVdOy3JLioJZiGaIT6HjlWCh/liTDymlQm9CTNryQeVS0iOkPH4OMYHqqkYLcrqLZcxRw1emIg==", "user"=>{"email"=>"", "password"=>"[FILTERED]"}}
  [1m[36mUser Load (0.6ms)[0m  [1m[34mSELECT  "users".* FROM "users" WHERE "users"."email" = $1 LIMIT $2[0m  [["email", ""], ["LIMIT", 1]]
  ↳ app/models/user.rb:18
  Rendering sessions/new.html.erb within layouts/application
  Rendered sessions/new.html.erb within layouts/application (0.8ms)
  [1m[36mUser Load (0.4ms)[0m  [1m[34mSELECT  "users".* FROM "users" WHERE "users"."session_token" = $1 LIMIT $2[0m  [["session_token", "MscuUQRXfF1gnq0qz-_TOQ"], ["LIMIT", 1]]
  ↳ app/controllers/application_controller.rb:8
Completed 200 OK in 17ms (Views: 13.3ms | ActiveRecord: 1.0ms)


Started POST "/session" for ::1 at 2022-01-18 15:18:01 -0500
Processing by SessionsController#create as HTML
  Parameters: {"authenticity_token"=>"mHdDjjbrh2V8jGB1Jst/SjB0pDK/e3VlWXs/YWn7yoYIKDdSd182n4Hz5RhJhUrOg6zG/nE/pjxHflLO8j9jjQ==", "user"=>{"email"=>"a", "password"=>"[FILTERED]"}}
  [1m[36mUser Load (0.5ms)[0m  [1m[34mSELECT  "users".* FROM "users" WHERE "users"."email" = $1 LIMIT $2[0m  [["email", "a"], ["LIMIT", 1]]
  ↳ app/models/user.rb:18
  [1m[35m (0.5ms)[0m  [1m[35mBEGIN[0m
  ↳ app/models/user.rb:32
  [1m[36mUser Exists (0.6ms)[0m  [1m[34mSELECT  1 AS one FROM "users" WHERE "users"."email" = $1 AND "users"."id" != $2 LIMIT $3[0m  [["email", "a"], ["id", 2], ["LIMIT", 1]]
  ↳ app/models/user.rb:32
  [1m[36mUser Exists (1.2ms)[0m  [1m[34mSELECT  1 AS one FROM "users" WHERE "users"."session_token" = $1 AND "users"."id" != $2 LIMIT $3[0m  [["session_token", "ip6pxKmvbII0uRE4P4QQqA"], ["id", 2], ["LIMIT", 1]]
  ↳ app/models/user.rb:32
  [1m[36mUser Update (0.7ms)[0m  [1m[33mUPDATE "users" SET "session_token" = $1 WHERE "users"."id" = $2[0m  [["session_token", "ip6pxKmvbII0uRE4P4QQqA"], ["id", 2]]
  ↳ app/models/user.rb:32
  [1m[35m (8.7ms)[0m  [1m[35mCOMMIT[0m
  ↳ app/models/user.rb:32
Redirected to http://localhost:3000/users/2
Completed 302 Found in 302ms (ActiveRecord: 12.2ms)


Started GET "/users/2" for ::1 at 2022-01-18 15:18:01 -0500
Processing by UsersController#show as HTML
  Parameters: {"id"=>"2"}
  Rendering users/show.html.erb within layouts/application
  [1m[36mUser Load (0.4ms)[0m  [1m[34mSELECT  "users".* FROM "users" WHERE "users"."session_token" = $1 LIMIT $2[0m  [["session_token", "ip6pxKmvbII0uRE4P4QQqA"], ["LIMIT", 1]]
  ↳ app/controllers/application_controller.rb:8
  Rendered users/show.html.erb within layouts/application (2.0ms)
Completed 200 OK in 15ms (Views: 14.0ms | ActiveRecord: 0.4ms)


Started GET "/users/new" for ::1 at 2022-01-18 15:18:07 -0500
Processing by UsersController#new as HTML
  Rendering users/new.html.erb within layouts/application
  Rendered users/new.html.erb within layouts/application (0.7ms)
  [1m[36mUser Load (0.7ms)[0m  [1m[34mSELECT  "users".* FROM "users" WHERE "users"."session_token" = $1 LIMIT $2[0m  [["session_token", "ip6pxKmvbII0uRE4P4QQqA"], ["LIMIT", 1]]
  ↳ app/controllers/application_controller.rb:8
Completed 200 OK in 17ms (Views: 15.2ms | ActiveRecord: 0.7ms)


Started GET "/session/new" for ::1 at 2022-01-18 15:18:37 -0500
Processing by SessionsController#new as HTML
  Rendering sessions/new.html.erb within layouts/application
  Rendered sessions/new.html.erb within layouts/application (1.6ms)
  [1m[36mUser Load (0.7ms)[0m  [1m[34mSELECT  "users".* FROM "users" WHERE "users"."session_token" = $1 LIMIT $2[0m  [["session_token", "ip6pxKmvbII0uRE4P4QQqA"], ["LIMIT", 1]]
  ↳ app/controllers/application_controller.rb:8
Completed 200 OK in 22ms (Views: 20.4ms | ActiveRecord: 0.7ms)


Started GET "/session/new" for ::1 at 2022-01-18 15:18:49 -0500
Processing by SessionsController#new as HTML
  Rendering sessions/new.html.erb within layouts/application
  Rendered sessions/new.html.erb within layouts/application (1.4ms)
  [1m[36mUser Load (0.5ms)[0m  [1m[34mSELECT  "users".* FROM "users" WHERE "users"."session_token" = $1 LIMIT $2[0m  [["session_token", "ip6pxKmvbII0uRE4P4QQqA"], ["LIMIT", 1]]
  ↳ app/controllers/application_controller.rb:8
Completed 200 OK in 21ms (Views: 20.3ms | ActiveRecord: 0.5ms)


Started GET "/session/new" for ::1 at 2022-01-18 15:18:56 -0500
Processing by SessionsController#new as HTML
  Rendering sessions/new.html.erb within layouts/application
  Rendered sessions/new.html.erb within layouts/application (0.8ms)
  [1m[36mUser Load (0.3ms)[0m  [1m[34mSELECT  "users".* FROM "users" WHERE "users"."session_token" = $1 LIMIT $2[0m  [["session_token", "ip6pxKmvbII0uRE4P4QQqA"], ["LIMIT", 1]]
  ↳ app/controllers/application_controller.rb:8
Completed 200 OK in 13ms (Views: 12.1ms | ActiveRecord: 0.3ms)


Started POST "/session" for ::1 at 2022-01-18 15:20:23 -0500
Processing by SessionsController#create as HTML
  Parameters: {"authenticity_token"=>"j+vMgMujban/VUWfKltSxs56rHykiMTWESY74fYfNv4ftLhcihfcUwIqwPJFFWdCfaLOsGrMF48PI1ZObduf9Q==", "user"=>{"email"=>"a", "password"=>"[FILTERED]"}}
  [1m[36mUser Load (0.5ms)[0m  [1m[34mSELECT  "users".* FROM "users" WHERE "users"."email" = $1 LIMIT $2[0m  [["email", "a"], ["LIMIT", 1]]
  ↳ app/models/user.rb:18
  [1m[35m (0.3ms)[0m  [1m[35mBEGIN[0m
  ↳ app/models/user.rb:32
  [1m[36mUser Exists (0.5ms)[0m  [1m[34mSELECT  1 AS one FROM "users" WHERE "users"."email" = $1 AND "users"."id" != $2 LIMIT $3[0m  [["email", "a"], ["id", 2], ["LIMIT", 1]]
  ↳ app/models/user.rb:32
  [1m[36mUser Exists (0.7ms)[0m  [1m[34mSELECT  1 AS one FROM "users" WHERE "users"."session_token" = $1 AND "users"."id" != $2 LIMIT $3[0m  [["session_token", "CitDyR2-K4pXFYMXKFFd-A"], ["id", 2], ["LIMIT", 1]]
  ↳ app/models/user.rb:32
  [1m[36mUser Update (0.7ms)[0m  [1m[33mUPDATE "users" SET "session_token" = $1 WHERE "users"."id" = $2[0m  [["session_token", "CitDyR2-K4pXFYMXKFFd-A"], ["id", 2]]
  ↳ app/models/user.rb:32
  [1m[35m (1.7ms)[0m  [1m[35mCOMMIT[0m
  ↳ app/models/user.rb:32
Redirected to http://localhost:3000/users/2
Completed 302 Found in 296ms (ActiveRecord: 4.4ms)


Started GET "/users/2" for ::1 at 2022-01-18 15:20:23 -0500
Processing by UsersController#show as HTML
  Parameters: {"id"=>"2"}
  Rendering users/show.html.erb within layouts/application
  [1m[36mUser Load (0.3ms)[0m  [1m[34mSELECT  "users".* FROM "users" WHERE "users"."session_token" = $1 LIMIT $2[0m  [["session_token", "CitDyR2-K4pXFYMXKFFd-A"], ["LIMIT", 1]]
  ↳ app/controllers/application_controller.rb:8
  Rendered users/show.html.erb within layouts/application (1.9ms)
Completed 200 OK in 25ms (Views: 24.3ms | ActiveRecord: 0.3ms)


Started GET "/users/2" for ::1 at 2022-01-18 15:20:28 -0500
Processing by UsersController#show as HTML
  Parameters: {"id"=>"2"}
  Rendering users/show.html.erb within layouts/application
  [1m[36mUser Load (0.4ms)[0m  [1m[34mSELECT  "users".* FROM "users" WHERE "users"."session_token" = $1 LIMIT $2[0m  [["session_token", "CitDyR2-K4pXFYMXKFFd-A"], ["LIMIT", 1]]
  ↳ app/controllers/application_controller.rb:8
  Rendered users/show.html.erb within layouts/application (1.9ms)
Completed 200 OK in 17ms (Views: 15.7ms | ActiveRecord: 0.4ms)


Started GET "/users/3" for ::1 at 2022-01-18 15:20:30 -0500
Processing by UsersController#show as HTML
  Parameters: {"id"=>"3"}
  Rendering users/show.html.erb within layouts/application
  [1m[36mUser Load (0.5ms)[0m  [1m[34mSELECT  "users".* FROM "users" WHERE "users"."session_token" = $1 LIMIT $2[0m  [["session_token", "CitDyR2-K4pXFYMXKFFd-A"], ["LIMIT", 1]]
  ↳ app/controllers/application_controller.rb:8
  Rendered users/show.html.erb within layouts/application (2.0ms)
Completed 200 OK in 15ms (Views: 13.8ms | ActiveRecord: 0.5ms)


Started GET "/users/1" for ::1 at 2022-01-18 15:20:35 -0500
Processing by UsersController#show as HTML
  Parameters: {"id"=>"1"}
  Rendering users/show.html.erb within layouts/application
  [1m[36mUser Load (0.5ms)[0m  [1m[34mSELECT  "users".* FROM "users" WHERE "users"."session_token" = $1 LIMIT $2[0m  [["session_token", "CitDyR2-K4pXFYMXKFFd-A"], ["LIMIT", 1]]
  ↳ app/controllers/application_controller.rb:8
  Rendered users/show.html.erb within layouts/application (2.4ms)
Completed 200 OK in 15ms (Views: 14.4ms | ActiveRecord: 0.5ms)


Started DELETE "/session" for ::1 at 2022-01-18 15:20:43 -0500
Processing by SessionsController#destroy as HTML
  Parameters: {"authenticity_token"=>"jGV/QZxWBoVMhYSex01cjiiiSUPhjRdso7CtxgBuAfccOgud3eK3f7H6AfOoA2kKm3orjy/JxDW9tcBpm6qo/A=="}
  [1m[36mUser Load (0.9ms)[0m  [1m[34mSELECT  "users".* FROM "users" WHERE "users"."session_token" = $1 LIMIT $2[0m  [["session_token", "CitDyR2-K4pXFYMXKFFd-A"], ["LIMIT", 1]]
  ↳ app/controllers/application_controller.rb:8
  [1m[35m (0.4ms)[0m  [1m[35mBEGIN[0m
  ↳ app/models/user.rb:32
  [1m[36mUser Exists (0.9ms)[0m  [1m[34mSELECT  1 AS one FROM "users" WHERE "users"."email" = $1 AND "users"."id" != $2 LIMIT $3[0m  [["email", "a"], ["id", 2], ["LIMIT", 1]]
  ↳ app/models/user.rb:32
  [1m[36mUser Exists (0.6ms)[0m  [1m[34mSELECT  1 AS one FROM "users" WHERE "users"."session_token" = $1 AND "users"."id" != $2 LIMIT $3[0m  [["session_token", "wApWsmeOsIAXbXGOyLoPuA"], ["id", 2], ["LIMIT", 1]]
  ↳ app/models/user.rb:32
  [1m[36mUser Update (0.8ms)[0m  [1m[33mUPDATE "users" SET "session_token" = $1 WHERE "users"."id" = $2[0m  [["session_token", "wApWsmeOsIAXbXGOyLoPuA"], ["id", 2]]
  ↳ app/models/user.rb:32
  [1m[35m (1.5ms)[0m  [1m[35mCOMMIT[0m
  ↳ app/models/user.rb:32
Redirected to http://localhost:3000/session/new
Completed 302 Found in 15ms (ActiveRecord: 5.2ms)


Started GET "/session/new" for ::1 at 2022-01-18 15:20:43 -0500
Processing by SessionsController#new as HTML
  Rendering sessions/new.html.erb within layouts/application
  Rendered sessions/new.html.erb within layouts/application (0.7ms)
Completed 200 OK in 14ms (Views: 13.2ms | ActiveRecord: 0.0ms)


Started GET "/users/new" for ::1 at 2022-01-18 15:20:47 -0500
Processing by UsersController#new as HTML
  Rendering users/new.html.erb within layouts/application
  Rendered users/new.html.erb within layouts/application (0.9ms)
Completed 200 OK in 12ms (Views: 11.3ms | ActiveRecord: 0.0ms)


Started GET "/session/new" for ::1 at 2022-01-18 15:20:52 -0500
Processing by SessionsController#new as HTML
  Rendering sessions/new.html.erb within layouts/application
  Rendered sessions/new.html.erb within layouts/application (1.0ms)
Completed 200 OK in 22ms (Views: 21.5ms | ActiveRecord: 0.0ms)


Started POST "/session" for ::1 at 2022-01-18 15:20:58 -0500
Processing by SessionsController#create as HTML
  Parameters: {"authenticity_token"=>"XUyrcZWiAk+qNRjBPUbGYSWQTJizNKaYU063iJ5S0ZPNE9+t1BaztVdKnaxSCPPllkguVH1wdcFNS9onBZZ4mA==", "user"=>{"email"=>"a", "password"=>"[FILTERED]"}}
  [1m[36mUser Load (0.5ms)[0m  [1m[34mSELECT  "users".* FROM "users" WHERE "users"."email" = $1 LIMIT $2[0m  [["email", "a"], ["LIMIT", 1]]
  ↳ app/models/user.rb:18
  [1m[35m (0.5ms)[0m  [1m[35mBEGIN[0m
  ↳ app/models/user.rb:32
  [1m[36mUser Exists (0.5ms)[0m  [1m[34mSELECT  1 AS one FROM "users" WHERE "users"."email" = $1 AND "users"."id" != $2 LIMIT $3[0m  [["email", "a"], ["id", 2], ["LIMIT", 1]]
  ↳ app/models/user.rb:32
  [1m[36mUser Exists (0.6ms)[0m  [1m[34mSELECT  1 AS one FROM "users" WHERE "users"."session_token" = $1 AND "users"."id" != $2 LIMIT $3[0m  [["session_token", "w6-Pv_wWXxMD9yGioUFAdg"], ["id", 2], ["LIMIT", 1]]
  ↳ app/models/user.rb:32
  [1m[36mUser Update (0.9ms)[0m  [1m[33mUPDATE "users" SET "session_token" = $1 WHERE "users"."id" = $2[0m  [["session_token", "w6-Pv_wWXxMD9yGioUFAdg"], ["id", 2]]
  ↳ app/models/user.rb:32
  [1m[35m (1.8ms)[0m  [1m[35mCOMMIT[0m
  ↳ app/models/user.rb:32
Redirected to http://localhost:3000/users/2
Completed 302 Found in 293ms (ActiveRecord: 4.8ms)


Started GET "/users/2" for ::1 at 2022-01-18 15:20:58 -0500
Processing by UsersController#show as HTML
  Parameters: {"id"=>"2"}
  Rendering users/show.html.erb within layouts/application
  [1m[36mUser Load (0.5ms)[0m  [1m[34mSELECT  "users".* FROM "users" WHERE "users"."session_token" = $1 LIMIT $2[0m  [["session_token", "w6-Pv_wWXxMD9yGioUFAdg"], ["LIMIT", 1]]
  ↳ app/controllers/application_controller.rb:8
  Rendered users/show.html.erb within layouts/application (2.7ms)
Completed 200 OK in 15ms (Views: 14.1ms | ActiveRecord: 0.5ms)


Started GET "/users/new" for ::1 at 2022-01-18 15:21:04 -0500
Processing by UsersController#new as HTML
  Rendering users/new.html.erb within layouts/application
  Rendered users/new.html.erb within layouts/application (1.2ms)
  [1m[36mUser Load (0.4ms)[0m  [1m[34mSELECT  "users".* FROM "users" WHERE "users"."session_token" = $1 LIMIT $2[0m  [["session_token", "w6-Pv_wWXxMD9yGioUFAdg"], ["LIMIT", 1]]
  ↳ app/controllers/application_controller.rb:8
Completed 200 OK in 13ms (Views: 12.4ms | ActiveRecord: 0.4ms)


Started DELETE "/session" for ::1 at 2022-01-18 15:29:36 -0500
Processing by SessionsController#destroy as HTML
  Parameters: {"authenticity_token"=>"GCgYpnx8qiRIhTbqLJoeZLl/FrZ7rQrKRQO+up3lPhGId2x6Pcgb3rX6s4dD1CvgCqd0erXp2ZNbBtMVBiGXGg=="}
  [1m[36mUser Load (0.8ms)[0m  [1m[34mSELECT  "users".* FROM "users" WHERE "users"."session_token" = $1 LIMIT $2[0m  [["session_token", "w6-Pv_wWXxMD9yGioUFAdg"], ["LIMIT", 1]]
  ↳ app/controllers/application_controller.rb:8
  [1m[35m (0.3ms)[0m  [1m[35mBEGIN[0m
  ↳ app/models/user.rb:32
  [1m[36mUser Exists (0.8ms)[0m  [1m[34mSELECT  1 AS one FROM "users" WHERE "users"."email" = $1 AND "users"."id" != $2 LIMIT $3[0m  [["email", "a"], ["id", 2], ["LIMIT", 1]]
  ↳ app/models/user.rb:32
  [1m[36mUser Exists (1.2ms)[0m  [1m[34mSELECT  1 AS one FROM "users" WHERE "users"."session_token" = $1 AND "users"."id" != $2 LIMIT $3[0m  [["session_token", "CBBMaK-vwkJc33COHxutDg"], ["id", 2], ["LIMIT", 1]]
  ↳ app/models/user.rb:32
  [1m[36mUser Update (1.2ms)[0m  [1m[33mUPDATE "users" SET "session_token" = $1 WHERE "users"."id" = $2[0m  [["session_token", "CBBMaK-vwkJc33COHxutDg"], ["id", 2]]
  ↳ app/models/user.rb:32
  [1m[35m (2.5ms)[0m  [1m[35mCOMMIT[0m
  ↳ app/models/user.rb:32
Redirected to http://localhost:3000/session/new
Completed 302 Found in 18ms (ActiveRecord: 7.0ms)


Started GET "/session/new" for ::1 at 2022-01-18 15:29:36 -0500
Processing by SessionsController#new as HTML
  Rendering sessions/new.html.erb within layouts/application
  Rendered sessions/new.html.erb within layouts/application (1.3ms)
Completed 200 OK in 19ms (Views: 19.0ms | ActiveRecord: 0.0ms)


Started GET "/users/new" for ::1 at 2022-01-18 15:29:39 -0500
Processing by UsersController#new as HTML
  Rendering users/new.html.erb within layouts/application
  Rendered users/new.html.erb within layouts/application (0.9ms)
Completed 200 OK in 16ms (Views: 14.4ms | ActiveRecord: 0.0ms)


Started GET "/session/new" for ::1 at 2022-01-18 15:29:40 -0500
Processing by SessionsController#new as HTML
  Rendering sessions/new.html.erb within layouts/application
  Rendered sessions/new.html.erb within layouts/application (1.1ms)
Completed 200 OK in 20ms (Views: 19.1ms | ActiveRecord: 0.0ms)


Started GET "/users/new" for ::1 at 2022-01-18 15:29:41 -0500
Processing by UsersController#new as HTML
  Rendering users/new.html.erb within layouts/application
  Rendered users/new.html.erb within layouts/application (1.0ms)
Completed 200 OK in 24ms (Views: 23.4ms | ActiveRecord: 0.0ms)


Started GET "/session/new" for ::1 at 2022-01-18 15:29:41 -0500
Processing by SessionsController#new as HTML
  Rendering sessions/new.html.erb within layouts/application
  Rendered sessions/new.html.erb within layouts/application (0.7ms)
Completed 200 OK in 14ms (Views: 13.4ms | ActiveRecord: 0.0ms)


Started GET "/users/new" for ::1 at 2022-01-18 15:33:09 -0500
Processing by UsersController#new as HTML
  Rendering users/new.html.erb within layouts/application
  Rendered users/new.html.erb within layouts/application (1.2ms)
Completed 200 OK in 19ms (Views: 18.1ms | ActiveRecord: 0.0ms)


Started GET "/users/new" for ::1 at 2022-01-18 15:33:30 -0500
Processing by UsersController#new as HTML
  Rendering users/new.html.erb within layouts/application
  Rendered users/new.html.erb within layouts/application (0.9ms)
Completed 200 OK in 14ms (Views: 13.5ms | ActiveRecord: 0.0ms)


Started GET "/users/new" for ::1 at 2022-01-18 15:33:31 -0500
Processing by UsersController#new as HTML
  Rendering users/new.html.erb within layouts/application
  Rendered users/new.html.erb within layouts/application (0.9ms)
Completed 200 OK in 17ms (Views: 16.1ms | ActiveRecord: 0.0ms)


Started GET "/users/new" for ::1 at 2022-01-18 15:35:03 -0500
Processing by UsersController#new as HTML
  Rendering users/new.html.erb within layouts/application
  Rendered users/new.html.erb within layouts/application (1.7ms)
Completed 200 OK in 19ms (Views: 17.1ms | ActiveRecord: 0.0ms)


Started GET "/users/new" for ::1 at 2022-01-18 15:35:04 -0500
Processing by UsersController#new as HTML
  Rendering users/new.html.erb within layouts/application
  Rendered users/new.html.erb within layouts/application (1.1ms)
Completed 200 OK in 15ms (Views: 14.0ms | ActiveRecord: 0.0ms)


Started GET "/users/new" for ::1 at 2022-01-18 15:35:24 -0500
Processing by UsersController#new as HTML
  Rendering users/new.html.erb within layouts/application
  Rendered users/new.html.erb within layouts/application (0.7ms)
Completed 200 OK in 17ms (Views: 16.4ms | ActiveRecord: 0.0ms)


Started GET "/users/new" for ::1 at 2022-01-18 15:35:25 -0500
Processing by UsersController#new as HTML
  Rendering users/new.html.erb within layouts/application
  Rendered users/new.html.erb within layouts/application (0.7ms)
Completed 200 OK in 16ms (Views: 15.0ms | ActiveRecord: 0.0ms)


Started GET "/users/new" for ::1 at 2022-01-18 15:36:33 -0500
Processing by UsersController#new as HTML
  Rendering users/new.html.erb within layouts/application
  Rendered users/new.html.erb within layouts/application (0.7ms)
Completed 200 OK in 30ms (Views: 28.8ms | ActiveRecord: 0.0ms)


Started GET "/users/new" for ::1 at 2022-01-18 15:38:10 -0500
Processing by UsersController#new as HTML
  Rendering users/new.html.erb within layouts/application
  Rendered users/new.html.erb within layouts/application (1.0ms)
Completed 200 OK in 25ms (Views: 24.0ms | ActiveRecord: 0.0ms)


Started GET "/users/new" for ::1 at 2022-01-18 15:38:53 -0500
Processing by UsersController#new as HTML
  Rendering users/new.html.erb within layouts/application
  Rendered users/new.html.erb within layouts/application (1.1ms)
Completed 200 OK in 30ms (Views: 28.7ms | ActiveRecord: 0.0ms)


Started GET "/users/new" for ::1 at 2022-01-18 15:39:37 -0500
Processing by UsersController#new as HTML
  Rendering users/new.html.erb within layouts/application
  Rendered users/new.html.erb within layouts/application (1.1ms)
Completed 200 OK in 39ms (Views: 37.9ms | ActiveRecord: 0.0ms)


Started GET "/users/new" for ::1 at 2022-01-18 15:40:09 -0500
Processing by UsersController#new as HTML
  Rendering users/new.html.erb within layouts/application
  Rendered users/new.html.erb within layouts/application (1.3ms)
Completed 200 OK in 29ms (Views: 27.6ms | ActiveRecord: 0.0ms)


Started GET "/users/new" for ::1 at 2022-01-18 15:43:34 -0500
Processing by UsersController#new as HTML
  Rendering users/new.html.erb within layouts/application
  Rendered users/new.html.erb within layouts/application (2.4ms)
Completed 200 OK in 151ms (Views: 147.9ms | ActiveRecord: 0.0ms)


Started GET "/users/new" for ::1 at 2022-01-18 15:43:49 -0500
Processing by UsersController#new as HTML
  Rendering users/new.html.erb within layouts/application
  Rendered users/new.html.erb within layouts/application (1.5ms)
Completed 200 OK in 21ms (Views: 19.9ms | ActiveRecord: 0.0ms)


Started GET "/users/new" for ::1 at 2022-01-18 15:44:01 -0500
Processing by UsersController#new as HTML
  Rendering users/new.html.erb within layouts/application
  Rendered users/new.html.erb within layouts/application (1.0ms)
Completed 200 OK in 17ms (Views: 16.4ms | ActiveRecord: 0.0ms)


Started GET "/users/new" for ::1 at 2022-01-18 15:50:36 -0500
Processing by UsersController#new as HTML
  Rendering users/new.html.erb within layouts/application
  Rendered users/new.html.erb within layouts/application (1.6ms)
Completed 200 OK in 41ms (Views: 37.6ms | ActiveRecord: 0.0ms)


Started GET "/users/new" for ::1 at 2022-01-18 15:50:37 -0500
Processing by UsersController#new as HTML
  Rendering users/new.html.erb within layouts/application
  Rendered users/new.html.erb within layouts/application (1.9ms)
Completed 200 OK in 24ms (Views: 23.7ms | ActiveRecord: 0.0ms)


Started GET "/users/new" for ::1 at 2022-01-18 15:50:48 -0500
Processing by UsersController#new as HTML
  Rendering users/new.html.erb within layouts/application
  Rendered users/new.html.erb within layouts/application (1.5ms)
Completed 200 OK in 29ms (Views: 26.9ms | ActiveRecord: 0.0ms)


Started GET "/users/new" for ::1 at 2022-01-18 15:50:49 -0500
Processing by UsersController#new as HTML
  Rendering users/new.html.erb within layouts/application
  Rendered users/new.html.erb within layouts/application (0.6ms)
Completed 200 OK in 16ms (Views: 14.4ms | ActiveRecord: 0.0ms)


Started GET "/users/new" for ::1 at 2022-01-18 15:51:41 -0500
Processing by UsersController#new as HTML
  Rendering users/new.html.erb within layouts/application
  Rendered users/new.html.erb within layouts/application (1.4ms)
Completed 200 OK in 87ms (Views: 85.2ms | ActiveRecord: 0.0ms)


